<?xml version="1.0" encoding="UTF-8"?>
<!-- Generated by org.testng.reporters.JUnitXMLReporter -->
<testsuite ignored="0" hostname="LAPTOP-7REP2B3U" failures="1" tests="3" name="Command line test" time="11.759" errors="0" timestamp="2024-03-01T22:13:12 IST">
  <testcase classname="io.cucumber.testng.AbstractTestNGCucumberTests" name="runScenario" time="9.953"/>
  <testcase classname="io.cucumber.testng.AbstractTestNGCucumberTests" name="runScenario" time="10.315"/>
  <testcase classname="io.cucumber.testng.AbstractTestNGCucumberTests" name="runScenario" time="10.918">
    <failure type="java.lang.AssertionError" message="expected [No data] but found [Beetroot]">
      <![CDATA[java.lang.AssertionError: expected [No data] but found [Beetroot]
at StepDefinitions.OffersPageStepDefinition.validate_same_product_displayed_in_offers_page(OffersPageStepDefinition.java:55)
at âœ½.Same product displayed in Offers page(file:///C:/Users/01126A744/git/RSASample/Cucumber_Project/src/test/java/Features/ProductSearch.feature:15)
... Removed 6 stack frames]]>
    </failure>
  </testcase> <!-- runScenario -->
</testsuite> <!-- Command line test -->
